/home/azureuser/apps/python/biba/venv/lib/python3.6/site-packages/google/auth/crypt/_cryptography_rsa.py:22: CryptographyDeprecationWarning: Python 3.6 is no longer supported by the Python core team. Therefore, support for it is deprecated in cryptography. The next release of cryptography (40.0) will be the last to support Python 3.6.
  import cryptography.exceptions
Today's date: 2023-03-09 
Last Run date: 2023-02-28
Running... {'BIBA Catalog Price Alert'}
id_list =  [b'828', b'837', b'850', b'878', b'908']
Email date:  2023-02-28 10:09:55+05:30
fileName =  Biba CAtalog sheet 28th February 2023.xlsx
Email date:  2023-03-01 11:47:03+05:30
fileName =  Catalog sheet 1st march 2023.xlsx
Email date:  2023-03-02 10:22:29+05:30
fileName =  Biba Catalog 2nd march 2023.xlsx
Email date:  2023-03-06 10:43:04+05:30
fileName =  Biba Catalog 6th March 2023.xlsx
Email date:  2023-03-09 10:29:30+05:30
fileName =  Catelog sheet 9th March 2023.xlsx
Today's date: 2023-03-09 
Last Run date: 2023-03-09
Running... {'BIBA Hourly'}
id_list =  [b'155882', b'155883', b'155884', b'155885', b'155887', b'155888', b'155890', b'155891', b'155897', b'155898', b'155901', b'155902', b'155908', b'155909', b'155911', b'155912', b'155932', b'155933', b'155943', b'155944', b'156024', b'156025', b'156082', b'156083', b'156104', b'156105', b'156134', b'156135', b'156180', b'156181', b'156222', b'156224', b'156295', b'156296', b'156320', b'156321', b'156346', b'156347']
Email date:  2023-03-08 18:38:14+00:00
fileName =  Hourly_Report_Rangriti_rangriti_09_Mar_2023_00_08_06_757.zip
Email date:  2023-03-08 18:38:34+00:00
fileName =  Rangriti_Previous_Date_(T-1)_rangriti_09_Mar_2023_00_08_26_512.zip
Email date:  2023-03-08 18:38:49+00:00
fileName =  Rangriti_MTD_rangriti_09_Mar_2023_00_08_41_570.zip
Email date:  2023-03-08 18:39:03+00:00
fileName =  Hourly_Report_BIBA_Biba_Apparels_Pvt_Ltd_09_Mar_2023_00_08_55_985.zip
Email date:  2023-03-08 18:39:08+00:00
fileName =  Previous_Date_(T-1)_Biba_Apparels_Pvt_Ltd_09_Mar_2023_00_08_59_671.zip
Email date:  2023-03-08 18:39:48+00:00
fileName =  BIBA_MTD_Biba_Apparels_Pvt_Ltd_09_Mar_2023_00_09_38_425.zip
Email date:  2023-03-08 19:35:47+00:00
fileName =  Hourly_Report_Rangriti_rangriti_09_Mar_2023_01_05_39_454.zip
Email date:  2023-03-08 19:37:45+00:00
fileName =  Hourly_Report_BIBA_Biba_Apparels_Pvt_Ltd_09_Mar_2023_01_07_38_141.zip
Email date:  2023-03-08 20:35:47+00:00
fileName =  Hourly_Report_Rangriti_rangriti_09_Mar_2023_02_05_39_860.zip
Email date:  2023-03-08 20:37:39+00:00
fileName =  Hourly_Report_BIBA_Biba_Apparels_Pvt_Ltd_09_Mar_2023_02_07_31_880.zip
Email date:  2023-03-08 21:36:01+00:00
fileName =  Hourly_Report_Rangriti_rangriti_09_Mar_2023_03_05_53_860.zip
Email date:  2023-03-08 21:38:11+00:00
fileName =  Hourly_Report_BIBA_Biba_Apparels_Pvt_Ltd_09_Mar_2023_03_08_04_220.zip
Email date:  2023-03-08 22:35:53+00:00
fileName =  Hourly_Report_Rangriti_rangriti_09_Mar_2023_04_05_45_435.zip
Email date:  2023-03-08 22:37:47+00:00
fileName =  Hourly_Report_BIBA_Biba_Apparels_Pvt_Ltd_09_Mar_2023_04_07_39_633.zip
Email date:  2023-03-08 23:36:22+00:00
fileName =  Hourly_Report_Rangriti_rangriti_09_Mar_2023_05_05_41_846.zip
Email date:  2023-03-08 23:37:36+00:00
fileName =  Hourly_Report_BIBA_Biba_Apparels_Pvt_Ltd_09_Mar_2023_05_07_28_726.zip
Email date:  2023-03-09 00:36:00+00:00
fileName =  Hourly_Report_Rangriti_rangriti_09_Mar_2023_06_05_52_438.zip
Email date:  2023-03-09 00:37:57+00:00
fileName =  Hourly_Report_BIBA_Biba_Apparels_Pvt_Ltd_09_Mar_2023_06_07_49_833.zip
Email date:  2023-03-09 01:35:49+00:00
fileName =  Hourly_Report_Rangriti_rangriti_09_Mar_2023_07_05_41_769.zip
Email date:  2023-03-09 01:37:34+00:00
fileName =  Hourly_Report_BIBA_Biba_Apparels_Pvt_Ltd_09_Mar_2023_07_07_26_877.zip
Email date:  2023-03-09 02:35:49+00:00
fileName =  Hourly_Report_Rangriti_rangriti_09_Mar_2023_08_05_41_982.zip
Email date:  2023-03-09 02:37:36+00:00
fileName =  Hourly_Report_BIBA_Biba_Apparels_Pvt_Ltd_09_Mar_2023_08_07_28_938.zip
Email date:  2023-03-09 03:36:07+00:00
fileName =  Hourly_Report_Rangriti_rangriti_09_Mar_2023_09_05_59_940.zip
Email date:  2023-03-09 03:38:35+00:00
fileName =  Hourly_Report_BIBA_Biba_Apparels_Pvt_Ltd_09_Mar_2023_09_08_27_979.zip
Email date:  2023-03-09 04:36:13+00:00
fileName =  Hourly_Report_Rangriti_rangriti_09_Mar_2023_10_06_05_647.zip
Email date:  2023-03-09 04:38:32+00:00
fileName =  Hourly_Report_BIBA_Biba_Apparels_Pvt_Ltd_09_Mar_2023_10_08_25_121.zip
Email date:  2023-03-09 05:36:09+00:00
fileName =  Hourly_Report_Rangriti_rangriti_09_Mar_2023_11_06_01_546.zip
Email date:  2023-03-09 05:39:10+00:00
fileName =  Hourly_Report_BIBA_Biba_Apparels_Pvt_Ltd_09_Mar_2023_11_09_02_508.zip
Email date:  2023-03-09 06:36:05+00:00
fileName =  Hourly_Report_Rangriti_rangriti_09_Mar_2023_12_05_57_903.zip
Email date:  2023-03-09 06:38:28+00:00
fileName =  Hourly_Report_BIBA_Biba_Apparels_Pvt_Ltd_09_Mar_2023_12_08_20_829.zip
Email date:  2023-03-09 07:36:03+00:00
fileName =  Hourly_Report_Rangriti_rangriti_09_Mar_2023_13_05_55_890.zip
Email date:  2023-03-09 07:38:20+00:00
fileName =  Hourly_Report_BIBA_Biba_Apparels_Pvt_Ltd_09_Mar_2023_13_08_12_325.zip
Email date:  2023-03-09 08:36:01+00:00
fileName =  Hourly_Report_Rangriti_rangriti_09_Mar_2023_14_05_54_078.zip
Email date:  2023-03-09 08:38:36+00:00
fileName =  Hourly_Report_BIBA_Biba_Apparels_Pvt_Ltd_09_Mar_2023_14_08_28_285.zip
Email date:  2023-03-09 09:36:07+00:00
fileName =  Hourly_Report_Rangriti_rangriti_09_Mar_2023_15_05_59_724.zip
Email date:  2023-03-09 09:39:08+00:00
fileName =  Hourly_Report_BIBA_Biba_Apparels_Pvt_Ltd_09_Mar_2023_15_08_59_749.zip
Email date:  2023-03-09 10:36:09+00:00
fileName =  Hourly_Report_Rangriti_rangriti_09_Mar_2023_16_06_01_773.zip
Email date:  2023-03-09 10:38:59+00:00
fileName =  Hourly_Report_BIBA_Biba_Apparels_Pvt_Ltd_09_Mar_2023_16_08_51_483.zip
Hourly_Report_BIBA_Biba_Apparels_Pvt_Ltd_09_Mar_2023_16_08_51_483.zip
  order_number  ...           updated_datetime
0     29645399  ...  2023-03-09 10:38:59+00:00
1     29645403  ...  2023-03-09 10:38:59+00:00
2     29645415  ...  2023-03-09 10:38:59+00:00
3     29645445  ...  2023-03-09 10:38:59+00:00
4     29645447  ...  2023-03-09 10:38:59+00:00

[5 rows x 98 columns]
  order_number  ...           updated_datetime
0     29645399  ...  2023-03-09 10:38:59+00:00
1     29645403  ...  2023-03-09 10:38:59+00:00
2     29645415  ...  2023-03-09 10:38:59+00:00
3     29645445  ...  2023-03-09 10:38:59+00:00
4     29645447  ...  2023-03-09 10:38:59+00:00

[5 rows x 98 columns]
columns =  Index(['order_number', 'productid', 'variantproductid', 'REdetailsId',
       'CurrencyCode', 'order_date', 'delivery_slot', 'parent_sku',
       'variant_sku', 'category', 'product_title', 'order_status',
       'item_status', 'order_quantity', 'shipped_quantity', 'cancel_quantity',
       'delivered_quantity', 'picked_quantity', 'rto_quantity',
       'return_quantity', 'received_quantity', 'replacement_quantity',
       'refund_quantity', 'refund_process_date', 'product_unit_price', 'mrp',
       'ItemWebprice', 'total_lineitem_discount', 'shipping_cost',
       'paid_amount', 'net_amount', 'line_total', 'cancel_amount',
       'tax_amount', 'tax_rate', 'rto_refund_amount', 'customer_refund_amount',
       'total_order_value', 'check_out_type', 'payment_option',
       'payment_option_paid_amount', 'Original_Order_No', 'reference_no',
       'shippment_id', 'courier_name', 'airway_bill_number', 'cancel_date',
       'dispatch_date', 'shipment_delivered_date_old',
       'shipment_delivered_date', 'user_name', 'billing_customer_name',
       'bill_address1', 'bill_address2', 'bill_email', 'bill_phone',
       'bill_mobile', 'bill_fax', 'bill_city', 'bill_state', 'bill_country',
       'bill_zip', 'shipping_customer_name', 'ship_address1', 'ship_address2',
       'ship_email', 'ship_phone', 'ship_mobile', 'ship_fax', 'ship_city',
       'ship_zip', 'gift_message', 'demand_delivery_date',
       'discount_vouchercode', 'discount_vouchercode_description',
       'voucher_discount', 'product_custom_field', 'brand_name', 'bar_code',
       'hold', 'cancel_reason', 'return_action', 'return_reason',
       'return_date', 'shipping_location_code', 'shipping_location_name',
       'order_allocation_location_code', 'order_allocation_location_name',
       'order_source', 'ordercreatedby', 'source_location_code',
       'ChannelOrderID', 'Channel', 'UTMCapmpain', 'UtmMedium', 'UtmSource',
       'OrderLanguage', 'updated_datetime'],
      dtype='object')
0it [00:00, ?it/s]1it [00:06,  6.76s/it]
     order_number  ...          updated_datetime
0     29645399  ... 2023-03-09 16:08:59+05:30
1     29645403  ... 2023-03-09 16:08:59+05:30
2     29645415  ... 2023-03-09 16:08:59+05:30
3     29645445  ... 2023-03-09 16:08:59+05:30
4     29645447  ... 2023-03-09 16:08:59+05:30

[5 rows x 97 columns]
Today's date: 2023-03-09 
Last Run date: 2023-02-28
Running... {'Pivotroot App Affiliates'}
id_list =  [b'151235', b'151808', b'154527', b'155069', b'155649', b'156166']
Email date:  2023-02-28 11:37:35+05:30
Email date:  2023-03-01 12:01:23+05:30
Email date:  2023-03-06 11:31:23+05:30
Email date:  2023-03-07 11:03:45+05:30
Email date:  2023-03-08 13:03:06+05:30
Email date:  2023-03-09 11:52:19+05:30
Today's date: 2023-03-09 
Last Run date: 2023-03-09
Today's date: 2023-03-09 
Last Run date: 2023-02-27
Running... {'SuccessfulAppOrdersReport'}
id_list =  []
Today's date: 2023-03-09 
Last Run date: 2023-01-31
Running... {'test'}
id_list =  [b'136505', b'136651', b'136652', b'136653', b'136654', b'136655', b'136656', b'136657', b'136658', b'136661', b'136662', b'136665', b'136666', b'136683', b'136705', b'136727', b'136913', b'136979', b'137133', b'137134', b'137135', b'137138', b'137139', b'137140', b'137141', b'137142', b'137143', b'137144', b'137146', b'137158', b'137164', b'137186', b'137197', b'137198', b'137226', b'137227', b'137228', b'137230', b'137234', b'137492', b'137600', b'137601', b'137604', b'137605', b'137607', b'137608', b'137610', b'137611', b'137613', b'137614', b'137615', b'137616', b'137631', b'137659', b'137693', b'137985', b'138167', b'138169', b'138170', b'138172', b'138173', b'138174', b'138175', b'138176', b'138178', b'138180', b'138181', b'138182', b'138194', b'138216', b'138232', b'138375', b'138377', b'138527', b'138706', b'138707', b'138708', b'138709', b'138710', b'138712', b'138713', b'138715', b'138716', b'138717', b'138719', b'138730', b'138733', b'138757', b'138780', b'139038', b'139217', b'139223', b'139224', b'139225', b'139226', b'139227', b'139228', b'139229', b'139230', b'139231', b'139232', b'139241', b'139245', b'139269', b'139285', b'139554', b'139735', b'139738', b'139739', b'139740', b'139741', b'139743', b'139745', b'139746', b'139747', b'139748', b'139749', b'139760', b'139763', b'139788', b'139815', b'140092', b'140270', b'140272', b'140273', b'140275', b'140277', b'140280', b'140281', b'140282', b'140283', b'140285', b'140286', b'140287', b'140304', b'140324', b'140357', b'140647', b'140812', b'140813', b'140814', b'140816', b'140817', b'140818', b'140819', b'140820', b'140823', b'140824', b'140825', b'140826', b'140850', b'140853', b'140882', b'141186', b'141366', b'141367', b'141369', b'141370', b'141371', b'141372', b'141373', b'141377', b'141378', b'141379', b'141380', b'141383', b'141406', b'141410', b'141443', b'141707', b'141884', b'141885', b'141887', b'141889', b'141890', b'141891', b'141894', b'141895', b'141897', b'141898', b'141899', b'141900', b'141923', b'141927', b'141928', b'141929', b'141930', b'141975', b'142250', b'142434', b'142435', b'142436', b'142437', b'142438', b'142439', b'142440', b'142442', b'142447', b'142469', b'142474', b'142509', b'142764', b'142942', b'142943', b'142944', b'142946', b'142947', b'142948', b'142950', b'142951', b'142952', b'142953', b'142954', b'142955', b'142978', b'142981', b'143019', b'143270', b'143440', b'143443', b'143445', b'143446', b'143447', b'143448', b'143450', b'143451', b'143452', b'143456', b'143457', b'143460', b'143484', b'143487', b'143488', b'143489', b'143529', b'143808', b'143980', b'143982', b'143983', b'143984', b'143986', b'143987', b'143991', b'143992', b'143993', b'143996', b'144020', b'144024', b'144058', b'144427', b'144582', b'144583', b'144584', b'144585', b'144586', b'144591', b'144592', b'144593', b'144594', b'144595', b'144597', b'144598', b'144628', b'144634', b'144669', b'144740', b'144741', b'144742', b'144743', b'144744', b'144745', b'144964', b'145127', b'145128', b'145129', b'145130', b'145131', b'145133', b'145135', b'145136', b'145137', b'145139', b'145140', b'145141', b'145160', b'145161', b'145165', b'145170', b'145209', b'145614', b'145771', b'145772', b'145773', b'145774', b'145779', b'145780', b'145781', b'145782', b'145783', b'145784', b'145810', b'145813', b'145851', b'146114', b'146274', b'146275', b'146276', b'146277', b'146278', b'146279', b'146280', b'146283', b'146284', b'146285', b'146286', b'146287', b'146310', b'146315', b'146349', b'146617', b'146779', b'146782', b'146783', b'146784', b'146785', b'146787', b'146789', b'146790', b'146791', b'146792', b'146793', b'146794', b'146818', b'146822', b'146858', b'147109', b'147270', b'147271', b'147272', b'147273', b'147274', b'147275', b'147276', b'147281', b'147282', b'147283', b'147284', b'147307', b'147310', b'147311', b'147312', b'147318', b'147319', b'147320', b'147321', b'147358', b'147360', b'147456', b'147619', b'147772', b'147773', b'147775', b'147776', b'147778', b'147780', b'147782', b'147804', b'147809', b'147842', b'147930', b'148090', b'148215', b'148217', b'148218', b'148219', b'148220', b'148221', b'148223', b'148224', b'148225', b'148231', b'148235', b'148246', b'148261', b'148283', b'148284', b'148285', b'148286', b'148287', b'148307', b'148318', b'148434', b'148617', b'148772', b'148773', b'148774', b'148775', b'148776', b'148777', b'148778', b'148779', b'148783', b'148784', b'148785', b'148787', b'148813', b'148820', b'148853', b'148971', b'149114', b'149285', b'149286', b'149287', b'149288', b'149290', b'149291', b'149292', b'149294', b'149295', b'149296', b'149297', b'149298', b'149322', b'149328', b'149368', b'149470', b'149630', b'149780', b'149781', b'149782', b'149783', b'149784', b'149785', b'149786', b'149787', b'149788', b'149789', b'149792', b'149794', b'149800', b'149814', b'149842', b'149957', b'150102', b'150255', b'150257', b'150258', b'150259', b'150260', b'150261', b'150262', b'150264', b'150267', b'150268', b'150269', b'150270', b'150294', b'150301', b'150339', b'150412', b'150576', b'150727', b'150728', b'150729', b'150732', b'150733', b'150735', b'150736', b'150737', b'150740', b'150741', b'150742', b'150744', b'150767', b'150773', b'150810', b'150910', b'151032', b'151192', b'151196', b'151197', b'151198', b'151199', b'151200', b'151201', b'151202', b'151205', b'151206', b'151207', b'151209', b'151229', b'151234', b'151265', b'151366', b'151416', b'151436', b'151442', b'151449', b'151450', b'151451', b'151452', b'151453', b'151455', b'151578', b'151728', b'151729', b'151730', b'151731', b'151732', b'151733', b'151734', b'151736', b'151738', b'151739', b'151741', b'151744', b'151768', b'151776', b'151812', b'151931', b'151968', b'151993', b'151997', b'152005', b'152007', b'152114', b'152271', b'152272', b'152273', b'152274', b'152276', b'152277', b'152279', b'152280', b'152282', b'152283', b'152284', b'152296', b'152310', b'152320', b'152377', b'152417', b'152506', b'152659', b'152847', b'152848', b'152850', b'152851', b'152852', b'152854', b'152855', b'152858', b'152859', b'152860', b'152862', b'152863', b'152864', b'152865', b'152867', b'152868', b'152883', b'152890', b'152896', b'152934', b'153040', b'153239', b'153404', b'153405', b'153407', b'153410', b'153411', b'153412', b'153413', b'153414', b'153415', b'153417', b'153419', b'153420', b'153421', b'153422', b'153425', b'153432', b'153447', b'153479', b'153587', b'153775', b'153943', b'153944', b'153945', b'153946', b'153947', b'153948', b'153949', b'153950', b'153951', b'153952', b'153953', b'153957', b'153958', b'153959', b'153960', b'153961', b'153983', b'153992', b'154023', b'154122', b'154308', b'154473', b'154475', b'154478', b'154479', b'154480', b'154481', b'154485', b'154486', b'154487', b'154488', b'154489', b'154492', b'154493', b'154494', b'154498', b'154502', b'154507', b'154528', b'154566', b'154677', b'154851', b'155024', b'155026', b'155028', b'155029', b'155030', b'155031', b'155032', b'155034', b'155036', b'155037', b'155038', b'155040', b'155042', b'155043', b'155044', b'155045', b'155067', b'155073', b'155103', b'155200', b'155221', b'155404', b'155561', b'155562', b'155563', b'155564', b'155565', b'155566', b'155567', b'155568', b'155570', b'155574', b'155575', b'155576', b'155577', b'155578', b'155579', b'155580', b'155593', b'155610', b'155629', b'155754', b'155804', b'155926', b'156094', b'156095', b'156096', b'156098', b'156099', b'156100', b'156102', b'156103', b'156107', b'156109', b'156110', b'156111', b'156113', b'156114', b'156115', b'156117', b'156132', b'156148', b'156149', b'156150', b'156152', b'156185', b'156319']
Email date:  2023-01-31 00:24:20+00:00
Email date:  2023-01-31 04:32:22+00:00
Email date:  2023-01-31 04:32:30+00:00
Email date:  2023-01-31 04:33:16+00:00
Email date:  2023-01-31 04:33:55+00:00
Email date:  2023-01-31 04:34:47+00:00
Email date:  2023-01-31 04:35:18+00:00
Email date:  2023-01-31 04:35:24+00:00
Email date:  2023-01-31 04:35:42+00:00
Email date:  2023-01-31 04:36:25+00:00
Email date:  2023-01-31 04:37:23+00:00
Email date:  2023-01-31 04:53:32+00:00
Email date:  2023-01-31 04:56:52+00:00
Email date:  2023-01-31 05:33:44+00:00
Email date:  2023-01-31 06:05:24+00:00
Email date:  2023-01-31 07:04:02+00:00
Email date:  2023-01-31 14:21:32+00:00
Email date:  2023-02-01 00:24:34+00:00
Email date:  2023-02-01 04:31:27+00:00
Email date:  2023-02-01 04:31:31+00:00
Email date:  2023-02-01 04:31:42+00:00
Email date:  2023-02-01 04:32:24+00:00
Email date:  2023-02-01 04:32:39+00:00
Email date:  2023-02-01 04:32:54+00:00
Email date:  2023-02-01 04:33:07+00:00
Email date:  2023-02-01 04:33:09+00:00
Email date:  2023-02-01 04:33:20+00:00
Email date:  2023-02-01 04:34:12+00:00
Email date:  2023-02-01 04:37:05+00:00
Email date:  2023-02-01 05:03:26+00:00
Email date:  2023-02-01 05:33:46+00:00
Email date:  2023-02-01 06:06:02+00:00
Email date:  2023-02-01 06:49:00+00:00
Email date:  2023-02-01 06:53:31+00:00
Email date:  2023-02-01 07:05:50+00:00
Email date:  2023-02-01 07:07:45+00:00
Email date:  2023-02-01 07:15:33+00:00
Email date:  2023-02-01 07:21:20+00:00
Email date:  2023-02-01 07:25:48+00:00
Email date:  2023-02-02 00:24:13+00:00
Email date:  2023-02-02 04:31:00+00:00
Email date:  2023-02-02 04:31:04+00:00
Email date:  2023-02-02 04:32:10+00:00
Email date:  2023-02-02 04:33:27+00:00
Email date:  2023-02-02 04:36:10+00:00
Email date:  2023-02-02 04:37:04+00:00
Email date:  2023-02-02 04:39:43+00:00
Email date:  2023-02-02 04:45:27+00:00
Email date:  2023-02-02 04:45:56+00:00
Email date:  2023-02-02 04:48:20+00:00
Email date:  2023-02-02 04:48:47+00:00
Email date:  2023-02-02 04:57:32+00:00
Email date:  2023-02-02 05:34:18+00:00
Email date:  2023-02-02 06:04:54+00:00
Email date:  2023-02-02 07:04:02+00:00
Email date:  2023-02-03 00:23:38+00:00
Email date:  2023-02-03 04:32:15+00:00
Email date:  2023-02-03 04:32:28+00:00
Email date:  2023-02-03 04:32:28+00:00
Email date:  2023-02-03 04:33:15+00:00
Email date:  2023-02-03 04:34:12+00:00
Email date:  2023-02-03 04:34:29+00:00
Email date:  2023-02-03 04:35:00+00:00
Email date:  2023-02-03 04:35:25+00:00
Email date:  2023-02-03 04:37:08+00:00
Email date:  2023-02-03 04:40:28+00:00
Email date:  2023-02-03 04:57:29+00:00
Email date:  2023-02-03 04:58:04+00:00
Email date:  2023-02-03 05:35:22+00:00
Email date:  2023-02-03 06:04:39+00:00
Email date:  2023-02-03 07:03:25+00:00
Email date:  2023-02-03 10:28:13+00:00
Email date:  2023-02-03 10:29:44+00:00
Email date:  2023-02-04 00:25:57+00:00
Email date:  2023-02-04 04:33:20+00:00
Email date:  2023-02-04 04:35:39+00:00
Email date:  2023-02-04 04:35:43+00:00
Email date:  2023-02-04 04:35:44+00:00
Email date:  2023-02-04 04:35:46+00:00
Email date:  2023-02-04 04:36:26+00:00
Email date:  2023-02-04 04:38:48+00:00
Email date:  2023-02-04 04:39:14+00:00
Email date:  2023-02-04 04:39:22+00:00
Email date:  2023-02-04 04:40:38+00:00
Email date:  2023-02-04 04:47:09+00:00
Email date:  2023-02-04 05:04:44+00:00
Email date:  2023-02-04 05:32:26+00:00
Email date:  2023-02-04 06:05:02+00:00
Email date:  2023-02-04 07:04:00+00:00
Email date:  2023-02-05 00:23:55+00:00
Email date:  2023-02-05 04:32:34+00:00
Email date:  2023-02-05 04:37:46+00:00
Email date:  2023-02-05 04:38:19+00:00
Email date:  2023-02-05 04:38:21+00:00
Email date:  2023-02-05 04:38:57+00:00
Email date:  2023-02-05 04:40:23+00:00
Email date:  2023-02-05 04:40:52+00:00
Email date:  2023-02-05 04:42:18+00:00
Email date:  2023-02-05 04:43:25+00:00
Email date:  2023-02-05 04:47:09+00:00
Email date:  2023-02-05 04:48:47+00:00
Email date:  2023-02-05 05:03:51+00:00
Email date:  2023-02-05 05:32:47+00:00
Email date:  2023-02-05 06:07:14+00:00
Email date:  2023-02-05 07:03:24+00:00
Email date:  2023-02-06 00:24:58+00:00
Email date:  2023-02-06 04:35:26+00:00
Email date:  2023-02-06 04:38:39+00:00
Email date:  2023-02-06 04:39:26+00:00
Email date:  2023-02-06 04:42:04+00:00
Email date:  2023-02-06 04:43:25+00:00
Email date:  2023-02-06 04:45:03+00:00
Email date:  2023-02-06 04:50:32+00:00
Email date:  2023-02-06 04:50:51+00:00
Email date:  2023-02-06 04:52:33+00:00
Email date:  2023-02-06 04:56:38+00:00
Email date:  2023-02-06 04:57:00+00:00
Email date:  2023-02-06 05:08:17+00:00
Email date:  2023-02-06 05:32:53+00:00
Email date:  2023-02-06 06:06:04+00:00
Email date:  2023-02-06 07:04:02+00:00
Email date:  2023-02-07 00:26:36+00:00
Email date:  2023-02-07 04:30:55+00:00
Email date:  2023-02-07 04:31:06+00:00
Email date:  2023-02-07 04:31:57+00:00
Email date:  2023-02-07 04:34:19+00:00
Email date:  2023-02-07 04:36:40+00:00
Email date:  2023-02-07 04:42:42+00:00
Email date:  2023-02-07 04:48:24+00:00
Email date:  2023-02-07 04:49:04+00:00
Email date:  2023-02-07 04:49:46+00:00
Email date:  2023-02-07 04:55:18+00:00
Email date:  2023-02-07 04:57:21+00:00
Email date:  2023-02-07 04:58:07+00:00
Email date:  2023-02-07 05:36:43+00:00
Email date:  2023-02-07 06:06:06+00:00
Email date:  2023-02-07 07:04:20+00:00
Email date:  2023-02-08 00:25:58+00:00
Email date:  2023-02-08 04:30:44+00:00
Email date:  2023-02-08 04:31:06+00:00
Email date:  2023-02-08 04:31:38+00:00
Email date:  2023-02-08 04:31:44+00:00
Email date:  2023-02-08 04:32:00+00:00
Email date:  2023-02-08 04:32:30+00:00
Email date:  2023-02-08 04:32:38+00:00
Email date:  2023-02-08 04:33:30+00:00
Email date:  2023-02-08 04:38:21+00:00
Email date:  2023-02-08 04:39:24+00:00
Email date:  2023-02-08 04:40:21+00:00
Email date:  2023-02-08 05:03:25+00:00
Email date:  2023-02-08 05:33:10+00:00
Email date:  2023-02-08 06:11:15+00:00
Email date:  2023-02-08 07:04:20+00:00
Email date:  2023-02-09 00:23:37+00:00
Email date:  2023-02-09 04:31:05+00:00
Email date:  2023-02-09 04:31:13+00:00
Email date:  2023-02-09 04:33:20+00:00
Email date:  2023-02-09 04:33:20+00:00
Email date:  2023-02-09 04:33:36+00:00
Email date:  2023-02-09 04:34:32+00:00
Email date:  2023-02-09 04:34:54+00:00
Email date:  2023-02-09 04:38:10+00:00
Email date:  2023-02-09 04:38:56+00:00
Email date:  2023-02-09 04:40:00+00:00
Email date:  2023-02-09 04:40:19+00:00
Email date:  2023-02-09 04:56:29+00:00
Email date:  2023-02-09 05:32:41+00:00
Email date:  2023-02-09 06:06:17+00:00
Email date:  2023-02-09 07:04:03+00:00
Email date:  2023-02-10 00:24:02+00:00
Email date:  2023-02-10 04:30:54+00:00
Email date:  2023-02-10 04:31:03+00:00
Email date:  2023-02-10 04:31:56+00:00
Email date:  2023-02-10 04:32:18+00:00
Email date:  2023-02-10 04:33:03+00:00
Email date:  2023-02-10 04:33:51+00:00
Email date:  2023-02-10 04:43:17+00:00
Email date:  2023-02-10 04:43:48+00:00
Email date:  2023-02-10 05:00:10+00:00
Email date:  2023-02-10 05:01:50+00:00
Email date:  2023-02-10 05:02:01+00:00
Email date:  2023-02-10 05:06:14+00:00
Email date:  2023-02-10 05:32:33+00:00
Email date:  2023-02-10 05:49:15+00:00
Email date:  2023-02-10 05:54:19+00:00
Email date:  2023-02-10 05:55:10+00:00
Email date:  2023-02-10 06:04:35+00:00
Email date:  2023-02-10 07:04:02+00:00
Email date:  2023-02-11 00:24:27+00:00
Email date:  2023-02-11 04:31:15+00:00
Email date:  2023-02-11 04:31:23+00:00
Email date:  2023-02-11 04:31:34+00:00
Email date:  2023-02-11 04:31:53+00:00
Email date:  2023-02-11 04:32:18+00:00
Email date:  2023-02-11 04:32:22+00:00
Email date:  2023-02-11 04:33:20+00:00
Email date:  2023-02-11 04:35:02+00:00
Email date:  2023-02-11 04:54:48+00:00
Email date:  2023-02-11 05:32:50+00:00
Email date:  2023-02-11 06:05:50+00:00
Email date:  2023-02-11 07:03:44+00:00
Email date:  2023-02-12 00:25:35+00:00
Email date:  2023-02-12 04:32:10+00:00
Email date:  2023-02-12 04:34:52+00:00
Email date:  2023-02-12 04:35:34+00:00
Email date:  2023-02-12 04:36:35+00:00
Email date:  2023-02-12 04:37:13+00:00
Email date:  2023-02-12 04:37:32+00:00
Email date:  2023-02-12 04:37:58+00:00
Email date:  2023-02-12 04:38:49+00:00
Email date:  2023-02-12 04:39:25+00:00
Email date:  2023-02-12 04:40:00+00:00
Email date:  2023-02-12 04:40:59+00:00
Email date:  2023-02-12 04:55:08+00:00
Email date:  2023-02-12 05:33:01+00:00
Email date:  2023-02-12 06:06:57+00:00
Email date:  2023-02-12 07:04:15+00:00
Email date:  2023-02-13 00:24:33+00:00
Email date:  2023-02-13 04:31:54+00:00
Email date:  2023-02-13 04:36:25+00:00
Email date:  2023-02-13 04:42:17+00:00
Email date:  2023-02-13 04:44:17+00:00
Email date:  2023-02-13 04:44:19+00:00
Email date:  2023-02-13 04:44:55+00:00
Email date:  2023-02-13 04:45:56+00:00
Email date:  2023-02-13 04:47:54+00:00
Email date:  2023-02-13 04:48:36+00:00
Email date:  2023-02-13 05:05:30+00:00
Email date:  2023-02-13 05:06:06+00:00
Email date:  2023-02-13 05:08:36+00:00
Email date:  2023-02-13 05:34:03+00:00
Email date:  2023-02-13 05:38:01+00:00
Email date:  2023-02-13 05:38:36+00:00
Email date:  2023-02-13 06:05:50+00:00
Email date:  2023-02-13 07:03:32+00:00
Email date:  2023-02-14 00:25:29+00:00
Email date:  2023-02-14 04:31:29+00:00
Email date:  2023-02-14 04:32:45+00:00
Email date:  2023-02-14 04:33:14+00:00
Email date:  2023-02-14 04:33:18+00:00
Email date:  2023-02-14 04:34:06+00:00
Email date:  2023-02-14 04:35:48+00:00
Email date:  2023-02-14 04:40:52+00:00
Email date:  2023-02-14 04:45:06+00:00
Email date:  2023-02-14 04:45:38+00:00
Email date:  2023-02-14 05:09:49+00:00
Email date:  2023-02-14 05:33:49+00:00
Email date:  2023-02-14 06:05:21+00:00
Email date:  2023-02-14 07:03:47+00:00
Email date:  2023-02-15 00:25:32+00:00
Email date:  2023-02-15 04:32:22+00:00
Email date:  2023-02-15 04:33:07+00:00
Email date:  2023-02-15 04:33:08+00:00
Email date:  2023-02-15 04:33:09+00:00
Email date:  2023-02-15 04:33:53+00:00
Email date:  2023-02-15 04:43:31+00:00
Email date:  2023-02-15 04:43:44+00:00
Email date:  2023-02-15 04:44:24+00:00
Email date:  2023-02-15 04:44:54+00:00
Email date:  2023-02-15 04:45:47+00:00
Email date:  2023-02-15 04:47:46+00:00
Email date:  2023-02-15 04:53:31+00:00
Email date:  2023-02-15 05:32:32+00:00
Email date:  2023-02-15 06:05:12+00:00
Email date:  2023-02-15 07:04:01+00:00
Email date:  2023-02-15 07:45:14+00:00
Email date:  2023-02-15 07:53:46+00:00
Email date:  2023-02-15 07:54:34+00:00
Email date:  2023-02-15 07:56:23+00:00
Email date:  2023-02-15 07:57:11+00:00
Email date:  2023-02-15 08:05:08+00:00
Email date:  2023-02-16 00:24:20+00:00
Email date:  2023-02-16 04:33:39+00:00
Email date:  2023-02-16 04:34:09+00:00
Email date:  2023-02-16 04:34:58+00:00
Email date:  2023-02-16 04:35:24+00:00
Email date:  2023-02-16 04:35:28+00:00
Email date:  2023-02-16 04:37:17+00:00
Email date:  2023-02-16 04:37:29+00:00
Email date:  2023-02-16 04:40:50+00:00
Email date:  2023-02-16 04:41:23+00:00
Email date:  2023-02-16 04:58:39+00:00
Email date:  2023-02-16 05:01:40+00:00
Email date:  2023-02-16 05:02:58+00:00
Email date:  2023-02-16 05:24:34+00:00
Email date:  2023-02-16 05:26:49+00:00
Email date:  2023-02-16 05:34:04+00:00
Email date:  2023-02-16 06:05:00+00:00
Email date:  2023-02-16 07:03:59+00:00
Email date:  2023-02-17 00:23:47+00:00
Email date:  2023-02-17 04:30:50+00:00
Email date:  2023-02-17 04:31:09+00:00
Email date:  2023-02-17 04:31:27+00:00
Email date:  2023-02-17 04:31:31+00:00
Email date:  2023-02-17 04:37:12+00:00
Email date:  2023-02-17 04:45:59+00:00
Email date:  2023-02-17 04:48:33+00:00
Email date:  2023-02-17 04:49:24+00:00
Email date:  2023-02-17 04:50:58+00:00
Email date:  2023-02-17 04:56:09+00:00
Email date:  2023-02-17 05:32:23+00:00
Email date:  2023-02-17 06:04:42+00:00
Email date:  2023-02-17 07:04:09+00:00
Email date:  2023-02-18 00:24:25+00:00
Email date:  2023-02-18 04:32:03+00:00
Email date:  2023-02-18 04:32:50+00:00
Email date:  2023-02-18 04:33:36+00:00
Email date:  2023-02-18 04:33:50+00:00
Email date:  2023-02-18 04:33:54+00:00
Email date:  2023-02-18 04:33:49+00:00
Email date:  2023-02-18 04:33:59+00:00
Email date:  2023-02-18 04:38:29+00:00
Email date:  2023-02-18 04:39:55+00:00
Email date:  2023-02-18 04:42:05+00:00
Email date:  2023-02-18 04:42:38+00:00
Email date:  2023-02-18 04:52:58+00:00
Email date:  2023-02-18 05:33:51+00:00
Email date:  2023-02-18 06:03:51+00:00
Email date:  2023-02-18 07:03:41+00:00
Email date:  2023-02-19 00:23:14+00:00
Email date:  2023-02-19 04:32:38+00:00
Email date:  2023-02-19 04:33:23+00:00
Email date:  2023-02-19 04:33:44+00:00
Email date:  2023-02-19 04:34:01+00:00
Email date:  2023-02-19 04:35:01+00:00
Email date:  2023-02-19 04:35:35+00:00
Email date:  2023-02-19 04:38:14+00:00
Email date:  2023-02-19 04:38:49+00:00
Email date:  2023-02-19 04:39:18+00:00
Email date:  2023-02-19 04:39:42+00:00
Email date:  2023-02-19 04:40:48+00:00
Email date:  2023-02-19 04:54:50+00:00
Email date:  2023-02-19 05:32:48+00:00
Email date:  2023-02-19 06:05:15+00:00
Email date:  2023-02-19 07:04:10+00:00
Email date:  2023-02-20 00:24:14+00:00
Email date:  2023-02-20 04:41:59+00:00
Email date:  2023-02-20 04:53:54+00:00
Email date:  2023-02-20 04:55:23+00:00
Email date:  2023-02-20 04:56:00+00:00
Email date:  2023-02-20 04:57:14+00:00
Email date:  2023-02-20 04:57:52+00:00
Email date:  2023-02-20 04:58:24+00:00
Email date:  2023-02-20 05:13:09+00:00
Email date:  2023-02-20 05:14:43+00:00
Email date:  2023-02-20 05:15:07+00:00
Email date:  2023-02-20 05:15:49+00:00
Email date:  2023-02-20 05:33:17+00:00
Email date:  2023-02-20 05:41:05+00:00
Email date:  2023-02-20 05:42:05+00:00
Email date:  2023-02-20 05:42:58+00:00
Email date:  2023-02-20 06:03:08+00:00
Email date:  2023-02-20 06:03:34+00:00
Email date:  2023-02-20 06:05:25+00:00
Email date:  2023-02-20 06:07:34+00:00
Email date:  2023-02-20 07:04:17+00:00
Email date:  2023-02-20 07:14:00+00:00
Email date:  2023-02-20 09:30:23+00:00
Email date:  2023-02-21 00:24:54+00:00
Email date:  2023-02-21 04:30:48+00:00
Email date:  2023-02-21 04:31:07+00:00
Email date:  2023-02-21 04:31:19+00:00
Email date:  2023-02-21 04:31:32+00:00
Email date:  2023-02-21 04:34:45+00:00
Email date:  2023-02-21 04:35:50+00:00
Email date:  2023-02-21 04:43:01+00:00
Email date:  2023-02-21 05:33:24+00:00
Email date:  2023-02-21 06:07:03+00:00
Email date:  2023-02-21 07:04:06+00:00
Email date:  2023-02-21 09:30:33+00:00
Email date:  2023-02-22 00:24:41+00:00
Email date:  2023-02-22 04:31:55+00:00
Email date:  2023-02-22 04:32:15+00:00
Email date:  2023-02-22 04:32:18+00:00
Email date:  2023-02-22 04:32:21+00:00
Email date:  2023-02-22 04:32:32+00:00
Email date:  2023-02-22 04:33:30+00:00
Email date:  2023-02-22 04:33:54+00:00
Email date:  2023-02-22 04:33:58+00:00
Email date:  2023-02-22 04:34:01+00:00
Email date:  2023-02-22 04:39:05+00:00
Email date:  2023-02-22 04:39:34+00:00
Email date:  2023-02-22 05:00:59+00:00
Email date:  2023-02-22 05:32:21+00:00
Email date:  2023-02-22 05:55:22+00:00
Email date:  2023-02-22 05:58:04+00:00
Email date:  2023-02-22 06:05:08+00:00
Email date:  2023-02-22 06:07:24+00:00
Email date:  2023-02-22 06:07:31+00:00
Email date:  2023-02-22 06:40:56+00:00
Email date:  2023-02-22 07:03:57+00:00
Email date:  2023-02-22 09:30:37+00:00
Email date:  2023-02-23 00:23:06+00:00
Email date:  2023-02-23 04:31:22+00:00
Email date:  2023-02-23 04:31:37+00:00
Email date:  2023-02-23 04:31:41+00:00
Email date:  2023-02-23 04:31:43+00:00
Email date:  2023-02-23 04:33:04+00:00
Email date:  2023-02-23 04:33:44+00:00
Email date:  2023-02-23 04:34:07+00:00
Email date:  2023-02-23 04:34:07+00:00
Email date:  2023-02-23 04:39:09+00:00
Email date:  2023-02-23 04:39:41+00:00
Email date:  2023-02-23 04:39:41+00:00
Email date:  2023-02-23 04:59:38+00:00
Email date:  2023-02-23 05:31:31+00:00
Email date:  2023-02-23 06:05:09+00:00
Email date:  2023-02-23 07:04:10+00:00
Email date:  2023-02-23 09:30:30+00:00
Email date:  2023-02-24 00:24:56+00:00
Email date:  2023-02-24 04:32:08+00:00
Email date:  2023-02-24 04:32:23+00:00
Email date:  2023-02-24 04:34:02+00:00
Email date:  2023-02-24 04:35:16+00:00
Email date:  2023-02-24 04:35:37+00:00
Email date:  2023-02-24 04:36:18+00:00
Email date:  2023-02-24 04:36:44+00:00
Email date:  2023-02-24 04:37:55+00:00
Email date:  2023-02-24 04:38:11+00:00
Email date:  2023-02-24 04:38:42+00:00
Email date:  2023-02-24 04:39:25+00:00
Email date:  2023-02-24 04:57:20+00:00
Email date:  2023-02-24 05:35:20+00:00
Email date:  2023-02-24 06:04:01+00:00
Email date:  2023-02-24 07:03:49+00:00
Email date:  2023-02-24 09:30:32+00:00
Email date:  2023-02-25 00:24:51+00:00
Email date:  2023-02-25 04:32:30+00:00
Email date:  2023-02-25 04:32:33+00:00
Email date:  2023-02-25 04:32:35+00:00
Email date:  2023-02-25 04:32:39+00:00
Email date:  2023-02-25 04:33:27+00:00
Email date:  2023-02-25 04:33:29+00:00
Email date:  2023-02-25 04:33:35+00:00
Email date:  2023-02-25 04:34:06+00:00
Email date:  2023-02-25 04:34:08+00:00
Email date:  2023-02-25 04:34:59+00:00
Email date:  2023-02-25 04:41:09+00:00
Email date:  2023-02-25 05:08:47+00:00
Email date:  2023-02-25 05:31:28+00:00
Email date:  2023-02-25 06:04:11+00:00
Email date:  2023-02-25 07:04:18+00:00
Email date:  2023-02-25 09:30:24+00:00
Email date:  2023-02-26 00:24:52+00:00
Email date:  2023-02-26 04:30:46+00:00
Email date:  2023-02-26 04:31:17+00:00
Email date:  2023-02-26 04:31:24+00:00
Email date:  2023-02-26 04:33:07+00:00
Email date:  2023-02-26 04:33:07+00:00
Email date:  2023-02-26 04:33:40+00:00
Email date:  2023-02-26 04:34:51+00:00
Email date:  2023-02-26 04:35:56+00:00
Email date:  2023-02-26 04:40:13+00:00
Email date:  2023-02-26 04:43:17+00:00
Email date:  2023-02-26 04:43:55+00:00
Email date:  2023-02-26 04:59:42+00:00
Email date:  2023-02-26 05:31:59+00:00
Email date:  2023-02-26 06:05:12+00:00
Email date:  2023-02-26 07:04:26+00:00
Email date:  2023-02-26 09:30:26+00:00
Email date:  2023-02-27 00:24:23+00:00
Email date:  2023-02-27 04:31:06+00:00
Email date:  2023-02-27 04:31:17+00:00
Email date:  2023-02-27 04:31:19+00:00
Email date:  2023-02-27 04:31:58+00:00
Email date:  2023-02-27 04:32:15+00:00
Email date:  2023-02-27 04:33:14+00:00
Email date:  2023-02-27 04:34:12+00:00
Email date:  2023-02-27 04:35:07+00:00
Email date:  2023-02-27 04:37:35+00:00
Email date:  2023-02-27 04:39:33+00:00
Email date:  2023-02-27 04:46:25+00:00
Email date:  2023-02-27 05:01:20+00:00
Email date:  2023-02-27 05:33:07+00:00
Email date:  2023-02-27 06:05:54+00:00
Email date:  2023-02-27 07:04:37+00:00
Email date:  2023-02-27 09:30:49+00:00
Email date:  2023-02-28 00:25:09+00:00
Email date:  2023-02-28 04:32:10+00:00
Email date:  2023-02-28 04:32:59+00:00
Email date:  2023-02-28 04:33:03+00:00
Email date:  2023-02-28 04:33:31+00:00
Email date:  2023-02-28 04:33:31+00:00
Email date:  2023-02-28 04:33:37+00:00
Email date:  2023-02-28 04:34:10+00:00
Email date:  2023-02-28 04:34:57+00:00
Email date:  2023-02-28 04:42:05+00:00
Email date:  2023-02-28 04:42:28+00:00
Email date:  2023-02-28 04:44:55+00:00
Email date:  2023-02-28 04:55:32+00:00
Email date:  2023-02-28 05:32:49+00:00
Email date:  2023-02-28 06:06:01+00:00
Email date:  2023-02-28 07:06:49+00:00
Email date:  2023-02-28 09:30:30+00:00
Email date:  2023-02-28 13:13:05+00:00
Email date:  2023-02-28 13:31:14+00:00
Email date:  2023-02-28 13:36:39+00:00
Email date:  2023-02-28 13:43:03+00:00
Email date:  2023-02-28 13:43:10+00:00
Email date:  2023-02-28 13:45:44+00:00
Email date:  2023-02-28 13:47:40+00:00
Email date:  2023-02-28 13:51:04+00:00
Email date:  2023-02-28 13:55:14+00:00
Email date:  2023-03-01 00:25:57+00:00
Email date:  2023-03-01 04:30:45+00:00
Email date:  2023-03-01 04:30:55+00:00
Email date:  2023-03-01 04:31:01+00:00
Email date:  2023-03-01 04:31:12+00:00
Email date:  2023-03-01 04:31:27+00:00
Email date:  2023-03-01 04:31:57+00:00
Email date:  2023-03-01 04:32:07+00:00
Email date:  2023-03-01 04:32:31+00:00
Email date:  2023-03-01 04:33:15+00:00
Email date:  2023-03-01 04:35:18+00:00
Email date:  2023-03-01 04:35:57+00:00
Email date:  2023-03-01 04:58:31+00:00
Email date:  2023-03-01 05:32:11+00:00
Email date:  2023-03-01 06:04:20+00:00
Email date:  2023-03-01 07:05:46+00:00
Email date:  2023-03-01 09:30:40+00:00
Email date:  2023-03-01 11:16:13+00:00
Email date:  2023-03-01 13:11:54+00:00
Email date:  2023-03-01 13:12:34+00:00
Email date:  2023-03-01 13:17:48+00:00
Email date:  2023-03-01 13:18:28+00:00
Email date:  2023-03-02 00:22:32+00:00
Email date:  2023-03-02 04:31:53+00:00
Email date:  2023-03-02 04:32:01+00:00
Email date:  2023-03-02 04:32:25+00:00
Email date:  2023-03-02 04:32:29+00:00
Email date:  2023-03-02 04:33:53+00:00
Email date:  2023-03-02 04:34:03+00:00
Email date:  2023-03-02 04:35:53+00:00
Email date:  2023-03-02 04:36:33+00:00
Email date:  2023-03-02 04:37:46+00:00
Email date:  2023-03-02 04:38:13+00:00
Email date:  2023-03-02 04:40:29+00:00
Email date:  2023-03-02 05:02:33+00:00
Email date:  2023-03-02 05:32:26+00:00
Email date:  2023-03-02 06:03:35+00:00
Email date:  2023-03-02 07:05:59+00:00
Email date:  2023-03-02 08:01:57+00:00
Email date:  2023-03-02 09:30:31+00:00
Email date:  2023-03-03 00:24:07+00:00
Email date:  2023-03-03 04:31:28+00:00
Email date:  2023-03-03 04:31:30+00:00
Email date:  2023-03-03 04:31:40+00:00
Email date:  2023-03-03 04:31:57+00:00
Email date:  2023-03-03 04:32:34+00:00
Email date:  2023-03-03 04:33:46+00:00
Email date:  2023-03-03 04:33:47+00:00
Email date:  2023-03-03 04:38:40+00:00
Email date:  2023-03-03 04:40:21+00:00
Email date:  2023-03-03 04:44:30+00:00
Email date:  2023-03-03 05:00:48+00:00
Email date:  2023-03-03 05:01:15+00:00
Email date:  2023-03-03 05:02:24+00:00
Email date:  2023-03-03 05:02:48+00:00
Email date:  2023-03-03 05:13:33+00:00
Email date:  2023-03-03 05:14:30+00:00
Email date:  2023-03-03 05:28:00+00:00
Email date:  2023-03-03 05:33:24+00:00
Email date:  2023-03-03 06:03:58+00:00
Email date:  2023-03-03 07:05:13+00:00
Email date:  2023-03-03 09:31:11+00:00
Email date:  2023-03-04 00:23:05+00:00
Email date:  2023-03-04 04:30:33+00:00
Email date:  2023-03-04 04:30:44+00:00
Email date:  2023-03-04 04:31:18+00:00
Email date:  2023-03-04 04:31:56+00:00
Email date:  2023-03-04 04:31:59+00:00
Email date:  2023-03-04 04:32:27+00:00
Email date:  2023-03-04 04:32:36+00:00
Email date:  2023-03-04 04:32:37+00:00
Email date:  2023-03-04 04:33:14+00:00
Email date:  2023-03-04 04:37:49+00:00
Email date:  2023-03-04 04:57:08+00:00
Email date:  2023-03-04 05:00:04+00:00
Email date:  2023-03-04 05:00:30+00:00
Email date:  2023-03-04 05:00:41+00:00
Email date:  2023-03-04 05:01:09+00:00
Email date:  2023-03-04 05:33:15+00:00
Email date:  2023-03-04 06:04:19+00:00
Email date:  2023-03-04 07:06:00+00:00
Email date:  2023-03-04 09:31:36+00:00
Email date:  2023-03-05 00:24:26+00:00
Email date:  2023-03-05 04:31:10+00:00
Email date:  2023-03-05 04:31:11+00:00
Email date:  2023-03-05 04:31:23+00:00
Email date:  2023-03-05 04:31:25+00:00
Email date:  2023-03-05 04:31:37+00:00
Email date:  2023-03-05 04:32:06+00:00
Email date:  2023-03-05 04:32:11+00:00
Email date:  2023-03-05 04:32:52+00:00
Email date:  2023-03-05 04:33:22+00:00
Email date:  2023-03-05 04:34:56+00:00
Email date:  2023-03-05 04:35:11+00:00
Email date:  2023-03-05 04:53:07+00:00
Email date:  2023-03-05 05:00:41+00:00
Email date:  2023-03-05 05:00:42+00:00
Email date:  2023-03-05 05:00:49+00:00
Email date:  2023-03-05 05:00:56+00:00
Email date:  2023-03-05 05:32:01+00:00
Email date:  2023-03-05 06:03:41+00:00
Email date:  2023-03-05 07:05:46+00:00
Email date:  2023-03-05 09:32:04+00:00
Email date:  2023-03-06 00:24:53+00:00
Email date:  2023-03-06 04:32:04+00:00
Email date:  2023-03-06 04:32:18+00:00
Email date:  2023-03-06 04:34:12+00:00
Email date:  2023-03-06 04:34:12+00:00
Email date:  2023-03-06 04:34:47+00:00
Email date:  2023-03-06 04:35:21+00:00
Email date:  2023-03-06 04:39:09+00:00
Email date:  2023-03-06 04:39:54+00:00
Email date:  2023-03-06 04:40:30+00:00
Email date:  2023-03-06 04:40:45+00:00
Email date:  2023-03-06 04:41:50+00:00
Email date:  2023-03-06 05:01:00+00:00
Email date:  2023-03-06 05:01:10+00:00
Email date:  2023-03-06 05:02:21+00:00
Email date:  2023-03-06 05:09:45+00:00
Email date:  2023-03-06 05:27:43+00:00
Email date:  2023-03-06 05:33:14+00:00
Email date:  2023-03-06 06:02:38+00:00
Email date:  2023-03-06 07:06:06+00:00
Email date:  2023-03-06 09:33:58+00:00
Email date:  2023-03-07 00:24:50+00:00
Email date:  2023-03-07 04:31:49+00:00
Email date:  2023-03-07 04:32:29+00:00
Email date:  2023-03-07 04:33:07+00:00
Email date:  2023-03-07 04:33:16+00:00
Email date:  2023-03-07 04:33:39+00:00
Email date:  2023-03-07 04:33:50+00:00
Email date:  2023-03-07 04:34:21+00:00
Email date:  2023-03-07 04:36:45+00:00
Email date:  2023-03-07 04:38:41+00:00
Email date:  2023-03-07 04:39:11+00:00
Email date:  2023-03-07 04:40:56+00:00
Email date:  2023-03-07 04:59:35+00:00
Email date:  2023-03-07 05:00:56+00:00
Email date:  2023-03-07 05:01:07+00:00
Email date:  2023-03-07 05:01:25+00:00
Email date:  2023-03-07 05:01:28+00:00
Email date:  2023-03-07 05:32:13+00:00
Email date:  2023-03-07 06:03:30+00:00
Email date:  2023-03-07 07:05:35+00:00
Email date:  2023-03-07 08:49:10+00:00
Email date:  2023-03-07 09:33:17+00:00
Email date:  2023-03-08 00:24:16+00:00
Email date:  2023-03-08 04:32:16+00:00
Email date:  2023-03-08 04:32:30+00:00
Email date:  2023-03-08 04:32:46+00:00
Email date:  2023-03-08 04:33:01+00:00
Email date:  2023-03-08 04:33:22+00:00
Email date:  2023-03-08 04:33:38+00:00
Email date:  2023-03-08 04:34:13+00:00
Email date:  2023-03-08 04:35:10+00:00
Email date:  2023-03-08 04:36:52+00:00
Email date:  2023-03-08 04:42:33+00:00
Email date:  2023-03-08 04:46:44+00:00
Email date:  2023-03-08 05:00:51+00:00
Email date:  2023-03-08 05:00:55+00:00
Email date:  2023-03-08 05:01:26+00:00
Email date:  2023-03-08 05:01:32+00:00
Email date:  2023-03-08 05:02:55+00:00
Email date:  2023-03-08 05:32:34+00:00
Email date:  2023-03-08 06:04:03+00:00
Email date:  2023-03-08 07:05:56+00:00
Email date:  2023-03-08 09:33:16+00:00
Email date:  2023-03-08 11:35:34+00:00
Email date:  2023-03-09 00:22:04+00:00
Email date:  2023-03-09 04:31:16+00:00
Email date:  2023-03-09 04:31:24+00:00
Email date:  2023-03-09 04:31:27+00:00
Email date:  2023-03-09 04:32:03+00:00
Email date:  2023-03-09 04:32:38+00:00
Email date:  2023-03-09 04:32:36+00:00
Email date:  2023-03-09 04:33:30+00:00
Email date:  2023-03-09 04:33:52+00:00
Email date:  2023-03-09 04:59:24+00:00
Email date:  2023-03-09 05:01:40+00:00
Email date:  2023-03-09 05:01:51+00:00
Email date:  2023-03-09 05:02:03+00:00
Email date:  2023-03-09 05:02:25+00:00
Email date:  2023-03-09 05:02:30+00:00
Email date:  2023-03-09 05:02:36+00:00
Email date:  2023-03-09 05:05:52+00:00
Email date:  2023-03-09 05:33:41+00:00
Email date:  2023-03-09 05:47:52+00:00
Email date:  2023-03-09 05:48:39+00:00
Email date:  2023-03-09 05:51:23+00:00
Email date:  2023-03-09 06:03:57+00:00
Email date:  2023-03-09 07:07:18+00:00
Email date:  2023-03-09 09:33:50+00:00
Today's date: 2023-03-09 
Last Run date: 2023-03-02
Running... {'Sponsored_Display_Targeting_Report_Sleepwell'}
id_list =  [b'152540', b'153078', b'153627', b'154160', b'154715', b'155256', b'155797', b'156349']
Email date:  2023-03-02 10:45:05+00:00
Email date:  2023-03-03 10:45:11+00:00
Email date:  2023-03-04 10:45:17+00:00
Email date:  2023-03-05 10:45:05+00:00
Email date:  2023-03-06 10:45:14+00:00
Email date:  2023-03-07 10:45:07+00:00
Email date:  2023-03-08 10:45:10+00:00
Email date:  2023-03-09 10:45:05+00:00
Today's date: 2023-03-09 
Last Run date: 2023-03-06
Running... {'Sponsored_brands_Keyword_report_Sleepwell'}
id_list =  [b'154714', b'155255', b'155796', b'156348']
Email date:  2023-03-06 10:43:11+00:00
Email date:  2023-03-07 10:43:10+00:00
Email date:  2023-03-08 10:43:12+00:00
Email date:  2023-03-09 10:43:16+00:00
Today's date: 2023-03-09 
Last Run date: 2023-03-06
Running... {'sponsored_products_targeting_report_sleepwell '}
id_list =  [b'154717', b'155257', b'155798', b'156350']
Email date:  2023-03-06 10:48:09+00:00
Email date:  2023-03-07 10:48:08+00:00
Email date:  2023-03-08 10:48:07+00:00
Email date:  2023-03-09 10:48:09+00:00
Today's date: 2023-03-09 
Last Run date: 2023-03-06
Running... {'sponsored_products_campaign_report_Sleepwell'}
id_list =  []
Today's date: 2023-03-09 
Last Run date: 2023-03-06
Running... {'test'}
id_list =  [b'154308', b'154473', b'154475', b'154478', b'154479', b'154480', b'154481', b'154485', b'154486', b'154487', b'154488', b'154489', b'154492', b'154493', b'154494', b'154498', b'154502', b'154507', b'154528', b'154566', b'154677', b'154851', b'155024', b'155026', b'155028', b'155029', b'155030', b'155031', b'155032', b'155034', b'155036', b'155037', b'155038', b'155040', b'155042', b'155043', b'155044', b'155045', b'155067', b'155073', b'155103', b'155200', b'155221', b'155404', b'155561', b'155562', b'155563', b'155564', b'155565', b'155566', b'155567', b'155568', b'155570', b'155574', b'155575', b'155576', b'155577', b'155578', b'155579', b'155580', b'155593', b'155610', b'155629', b'155754', b'155804', b'155926', b'156094', b'156095', b'156096', b'156098', b'156099', b'156100', b'156102', b'156103', b'156107', b'156109', b'156110', b'156111', b'156113', b'156114', b'156115', b'156117', b'156132', b'156148', b'156149', b'156150', b'156152', b'156185', b'156319']
Email date:  2023-03-06 00:24:53+00:00
Email date:  2023-03-06 04:32:04+00:00
Email date:  2023-03-06 04:32:18+00:00
Email date:  2023-03-06 04:34:12+00:00
Email date:  2023-03-06 04:34:12+00:00
Email date:  2023-03-06 04:34:47+00:00
Email date:  2023-03-06 04:35:21+00:00
Email date:  2023-03-06 04:39:09+00:00
Email date:  2023-03-06 04:39:54+00:00
Email date:  2023-03-06 04:40:30+00:00
Email date:  2023-03-06 04:40:45+00:00
Email date:  2023-03-06 04:41:50+00:00
Email date:  2023-03-06 05:01:00+00:00
Email date:  2023-03-06 05:01:10+00:00
Email date:  2023-03-06 05:02:21+00:00
Email date:  2023-03-06 05:09:45+00:00
Email date:  2023-03-06 05:27:43+00:00
Email date:  2023-03-06 05:33:14+00:00
Email date:  2023-03-06 06:02:38+00:00
Email date:  2023-03-06 07:06:06+00:00
Email date:  2023-03-06 09:33:58+00:00
Email date:  2023-03-07 00:24:50+00:00
Email date:  2023-03-07 04:31:49+00:00
Email date:  2023-03-07 04:32:29+00:00
Email date:  2023-03-07 04:33:07+00:00
Email date:  2023-03-07 04:33:16+00:00
Email date:  2023-03-07 04:33:39+00:00
Email date:  2023-03-07 04:33:50+00:00
Email date:  2023-03-07 04:34:21+00:00
Email date:  2023-03-07 04:36:45+00:00
Email date:  2023-03-07 04:38:41+00:00
Email date:  2023-03-07 04:39:11+00:00
Email date:  2023-03-07 04:40:56+00:00
Email date:  2023-03-07 04:59:35+00:00
Email date:  2023-03-07 05:00:56+00:00
Email date:  2023-03-07 05:01:07+00:00
Email date:  2023-03-07 05:01:25+00:00
Email date:  2023-03-07 05:01:28+00:00
Email date:  2023-03-07 05:32:13+00:00
Email date:  2023-03-07 06:03:30+00:00
Email date:  2023-03-07 07:05:35+00:00
Email date:  2023-03-07 08:49:10+00:00
Email date:  2023-03-07 09:33:17+00:00
Email date:  2023-03-08 00:24:16+00:00
Email date:  2023-03-08 04:32:16+00:00
Email date:  2023-03-08 04:32:30+00:00
Email date:  2023-03-08 04:32:46+00:00
Email date:  2023-03-08 04:33:01+00:00
Email date:  2023-03-08 04:33:22+00:00
Email date:  2023-03-08 04:33:38+00:00
Email date:  2023-03-08 04:34:13+00:00
Email date:  2023-03-08 04:35:10+00:00
Email date:  2023-03-08 04:36:52+00:00
Email date:  2023-03-08 04:42:33+00:00
Email date:  2023-03-08 04:46:44+00:00
Email date:  2023-03-08 05:00:51+00:00
Email date:  2023-03-08 05:00:55+00:00
Email date:  2023-03-08 05:01:26+00:00
Email date:  2023-03-08 05:01:32+00:00
Email date:  2023-03-08 05:02:55+00:00
Email date:  2023-03-08 05:32:34+00:00
Email date:  2023-03-08 06:04:03+00:00
Email date:  2023-03-08 07:05:56+00:00
Email date:  2023-03-08 09:33:16+00:00
Email date:  2023-03-08 11:35:34+00:00
Email date:  2023-03-09 00:22:04+00:00
Email date:  2023-03-09 04:31:16+00:00
Email date:  2023-03-09 04:31:24+00:00
Email date:  2023-03-09 04:31:27+00:00
Email date:  2023-03-09 04:32:03+00:00
Email date:  2023-03-09 04:32:38+00:00
Email date:  2023-03-09 04:32:36+00:00
Email date:  2023-03-09 04:33:30+00:00
Email date:  2023-03-09 04:33:52+00:00
Email date:  2023-03-09 04:59:24+00:00
Email date:  2023-03-09 05:01:40+00:00
Email date:  2023-03-09 05:01:51+00:00
Email date:  2023-03-09 05:02:03+00:00
Email date:  2023-03-09 05:02:25+00:00
Email date:  2023-03-09 05:02:30+00:00
Email date:  2023-03-09 05:02:36+00:00
Email date:  2023-03-09 05:05:52+00:00
Email date:  2023-03-09 05:33:41+00:00
Email date:  2023-03-09 05:47:52+00:00
Email date:  2023-03-09 05:48:39+00:00
Email date:  2023-03-09 05:51:23+00:00
Email date:  2023-03-09 06:03:57+00:00
Email date:  2023-03-09 07:07:18+00:00
Email date:  2023-03-09 09:33:50+00:00
Today's date: 2023-03-09 
Last Run date: 2023-03-06
Running... {'test'}
Traceback (most recent call last):
  File "app.py", line 179, in <module>
    obj = Email_To_BQ(last_run_date,param_ID=param_ID)
  File "app.py", line 43, in __init__
    self.already_ingested_files = list(pd.read_csv('Ingested_files/' + upload_params.loc[param_ID, 'Ingested File Name'])['filename'])        # column name in ingested file
  File "/home/azureuser/apps/python/biba/venv/lib/python3.6/site-packages/pandas/io/parsers.py", line 688, in read_csv
    return _read(filepath_or_buffer, kwds)
  File "/home/azureuser/apps/python/biba/venv/lib/python3.6/site-packages/pandas/io/parsers.py", line 454, in _read
    parser = TextFileReader(fp_or_buf, **kwds)
  File "/home/azureuser/apps/python/biba/venv/lib/python3.6/site-packages/pandas/io/parsers.py", line 948, in __init__
    self._make_engine(self.engine)
  File "/home/azureuser/apps/python/biba/venv/lib/python3.6/site-packages/pandas/io/parsers.py", line 1180, in _make_engine
    self._engine = CParserWrapper(self.f, **self.options)
  File "/home/azureuser/apps/python/biba/venv/lib/python3.6/site-packages/pandas/io/parsers.py", line 2010, in __init__
    self._reader = parsers.TextReader(src, **kwds)
  File "pandas/_libs/parsers.pyx", line 540, in pandas._libs.parsers.TextReader.__cinit__
pandas.errors.EmptyDataError: No columns to parse from file
