/home/azureuser/apps/python/biba/venv/lib/python3.6/site-packages/google/auth/crypt/_cryptography_rsa.py:22: CryptographyDeprecationWarning: Python 3.6 is no longer supported by the Python core team. Therefore, support for it is deprecated in cryptography. The next release of cryptography (40.0) will be the last to support Python 3.6.
  import cryptography.exceptions
/home/azureuser/apps/python/biba/gmail-to-bq-common/Cred_files/smytten.json
Traceback (most recent call last):
  File "main_updated.py", line 349, in <module>
    Daily_Onboarding_Checkout_Drop_SMS_df = SMS(Daily_Onboarding_Checkout_Drop_SMS_df)
  File "main_updated.py", line 318, in SMS
    sms_df['Daily_Spent'] = sms_df['Total_Sent'].astype('int') * 0.14  
  File "/home/azureuser/apps/python/biba/venv/lib/python3.6/site-packages/pandas/core/generic.py", line 5548, in astype
    new_data = self._mgr.astype(dtype=dtype, copy=copy, errors=errors,)
  File "/home/azureuser/apps/python/biba/venv/lib/python3.6/site-packages/pandas/core/internals/managers.py", line 604, in astype
    return self.apply("astype", dtype=dtype, copy=copy, errors=errors)
  File "/home/azureuser/apps/python/biba/venv/lib/python3.6/site-packages/pandas/core/internals/managers.py", line 409, in apply
    applied = getattr(b, f)(**kwargs)
  File "/home/azureuser/apps/python/biba/venv/lib/python3.6/site-packages/pandas/core/internals/blocks.py", line 595, in astype
    values = astype_nansafe(vals1d, dtype, copy=True)
  File "/home/azureuser/apps/python/biba/venv/lib/python3.6/site-packages/pandas/core/dtypes/cast.py", line 974, in astype_nansafe
    return lib.astype_intsafe(arr.ravel(), dtype).reshape(arr.shape)
  File "pandas/_libs/lib.pyx", line 615, in pandas._libs.lib.astype_intsafe
ValueError: invalid literal for int() with base 10: '0.0'
